Buy [*,*] (tr)
:  Cert-1 Cert-12 Cert-3 Cert-6    :=
1     0       0       3     0
2     0       0       2     0
3     2       0       0     0
5     2       0       0     2
6     0       0       0     4
7     2       0       0     0
8     4       0       0     0
9     0       6       0     0
10    2       0       0     0
12    0       6       0     0
13    0       0       2     0
14    2       0       0     0
15    2       0       0     2
17    0       0       0     2
18    0       0       0     2
19    0       0       2     0
20    0       0       2     0
21    0       0      10     0
22    4       0       0     0
23    5       0       0     0
;

:      Cash    Reimburse expenses income    :=
0     4000          .         .       .
1     3000          0          0    2000
2     3000          0          0    2000
3     3000          0          0    2000
4     3211.83    5011.82    6800    2000
5     3218.38    2006.55       0    2000
6     3220.38    2002          0    2000
7     3220.38       0          0    2000
8     3222.38    2002          0    2000
9     3226.38    4004          0    2000
10    3226.38       0          0    2000
11    3442.48    4016.1     5800    2000
12    3470.68    4028.2        0    2000
13    3470.68       0          0    2000
14    3470.68       0          0    2000
15    3472.68    2002          0    2000
16    3681.23    4008.55    5800    2000
17    3681.23       0          0    2000
18    3681.23       0          0    2000
19    3681.23       0          0    2000
20    3681.23       0          0    2000
21    3791.33    8110.1        0    2000
22    3797.88    2006.55       0    2000
23    3022.53    8024.65    5800    2000
24   28170.4    23147.8        0    2000
;

TotalInterest = 370.375

