Gurobi 9.1.1: optimal solution; objective 4603000
230 simplex iterations
1 branch-and-cut nodes
plus 122 simplex iterations for intbasis

display x,s,d;

:     x      s     d      :=
0      .      0     .
1     800   400    400
2       0     0    400
3    1600   800    800
4       0     0    800
5    1200     0   1200
6    1200     0   1200
7    1200     0   1200
8    1200     0   1200
9    1300     0   1300
10   1600   300   1300
11      0     0    300
12   1800   300   1500
13      0   100    200
14      0     0    100
15   1000   500    500
16      0     0    500
17    900     0    900
18   1200   400    800
19      0     0    400
20   1200     0   1200
21   1500     0   1500
22   2100   900   1200
23      0     0    900
24   1300   200   1100
25      0     0    200
26   1800   600   1200
27      0     0    600
28    800   400    400
29      0   100    300
30      0     0    100
31   1800   500   1300
32      0     0    500
33   2400   800   1600
34      0     0    800
35   2500   900   1600
36      0     0    900
37   1500   400   1100
38      0     0    400
39    600   100    500
40      0     0    100
41    900     0    900
42   1000     0   1000
43   1500     0   1500
44   1800   500   1300
45      0     0    500
46   1600   200   1400
47      0     0    200
48   2200   800   1400
49      0     0    800
50   1400     0   1400
51   1100   400    700
52      0     0    400
;

