min{a in ASSETS} r[a] = -0.000736403
max{a in ASSETS} r[a] = 0.000622072

:      OptRisk       OptRet    NotSmall    :=
1     0.00156315   6.22072e-06     17
2     0.00158083   1.24414e-05     17
3     0.00160206   1.86622e-05     19
4     0.00162451   2.48829e-05     19
5     0.00164919   3.11036e-05     17
6     0.00167792   3.73243e-05     18
7     0.00170841   4.3545e-05      16
8     0.00174298   4.97658e-05     15
9     0.00178248   5.59865e-05     15
10    0.00182635   6.22072e-05     15
11    0.00187457   6.84279e-05     15
12    0.0019272    7.46486e-05     15
13    0.00198372   8.08694e-05     15
14    0.0020435    8.70901e-05     16
15    0.00210609   9.33108e-05     16
16    0.00217189   9.95315e-05     15
17    0.0022405    0.000105752     14
18    0.00231223   0.000111973     13
19    0.0023869    0.000118194     12
20    0.00246468   0.000124414     12
21    0.00254733   0.000130635     12
22    0.00263158   0.000136856     11
23    0.00271818   0.000143077     11
24    0.0028106    0.000149297     11
25    0.00290396   0.000155518     11
26    0.00299889   0.000161739     10
27    0.00309734   0.000167959     11
28    0.00319805   0.00017418      11
29    0.00330026   0.000180401     11
30    0.00340436   0.000186622     11
31    0.00350993   0.000192842     11
32    0.00361706   0.000199063     11
33    0.00372538   0.000205284     11
34    0.00383499   0.000211504     11
35    0.00394456   0.000217725     10
36    0.00405602   0.000223946     10
37    0.0041689    0.000230167     11
38    0.00428163   0.000236387     10
39    0.00439622   0.000242608     11
40    0.00451052   0.000248829     10
41    0.00462689   0.00025505      11
42    0.00474249   0.00026127       9
43    0.0048596    0.000267491      9
44    0.00497739   0.000273712      9
45    0.00509578   0.000279932      9
46    0.00521475   0.000286153      9
47    0.00533426   0.000292374      9
48    0.00545442   0.000298595      9
49    0.00557477   0.000304815      9
50    0.00569582   0.000311036      9
51    0.00581742   0.000317257      8
52    0.00593957   0.000323477      8
53    0.00606227   0.000329698      8
54    0.00618553   0.000335919      8
55    0.0063094    0.00034214       7
56    0.00643375   0.00034836       7
57    0.00655901   0.000354581      7
58    0.00668443   0.000360802      7
59    0.00681063   0.000367022      7
60    0.00693733   0.000373243      7
61    0.00706509   0.000379464      5
62    0.00719689   0.000385685      5
63    0.00733348   0.000391905      5
64    0.00747342   0.000398126      5
65    0.00761753   0.000404347      5
66    0.00776534   0.000410568      5
67    0.00791664   0.000416788      5
68    0.0080712    0.000423009      5
69    0.00822884   0.00042923       5
70    0.00838939   0.00043545       5
71    0.0085527    0.000441671      5
72    0.00871866   0.000447892      5
73    0.00888693   0.000454113      5
74    0.00905758   0.000460333      5
75    0.00923069   0.000466554      5
76    0.00940651   0.000472775      4
77    0.00958911   0.000478995      4
78    0.00977867   0.000485216      4
79    0.00997457   0.000491437      4
80    0.0101764    0.000497658      4
81    0.010384     0.000503878      4
82    0.0105968    0.000510099      4
83    0.010815     0.00051632       4
84    0.0110373    0.00052254       4
85    0.0112645    0.000528761      4
86    0.0114956    0.000534982      4
87    0.0117308    0.000541203      4
88    0.0119696    0.000547423      4
89    0.0122121    0.000553644      3
90    0.0124607    0.000559865      3
91    0.0127168    0.000566086      3
92    0.0129798    0.000572306      3
93    0.0132493    0.000578527      3
94    0.013525     0.000584748      3
95    0.0138064    0.000590968      3
96    0.0140932    0.000597189      3
97    0.0143851    0.00060341       3
98    0.0146818    0.000609631      3
99    0.014983     0.000615851      3
100   0.0156062    0.000622072      1
;

